<?xml version="1.0" encoding="UTF-8"?>
<!-- Generated by org.testng.reporters.JUnitXMLReporter -->
<testsuite hostname="DESKTOP-CEDR2O3" ignored="0" name="Test" tests="2" failures="2" timestamp="09 May 2019 07:36:32 GMT" time="123.602" errors="0">
  <testcase name="feature" time="53.434" classname="com.nowFloat.TestRunner.TestRunner">
    <failure type="cucumber.runtime.CucumberException" message="java.lang.ClassCastException: com.sun.proxy.$Proxy19 cannot be cast to org.openqa.selenium.By">
      <![CDATA[cucumber.runtime.CucumberException: java.lang.ClassCastException: com.sun.proxy.$Proxy19 cannot be cast to org.openqa.selenium.By
at cucumber.api.testng.TestNGCucumberRunner.runCucumber(TestNGCucumberRunner.java:69)
at com.nowFloat.TestRunner.TestRunner.feature(TestRunner.java:61)
Caused by: java.lang.ClassCastException: com.sun.proxy.$Proxy19 cannot be cast to org.openqa.selenium.By
at com.nowFloat.Pages.HomePage.selectService(HomePage.java:54)
at com.nowFloat.StepDef.HomePageValidation.i_click_any_from_dropdown_list(HomePageValidation.java:38)
at ✽.And I click any "classic" from dropdown list(nowFloatHomePage.feature:8)
... Removed 29 stack frames]]>
    </failure>
  </testcase> <!-- feature -->
  <testcase name="feature" time="64.688" classname="com.nowFloat.TestRunner.TestRunner">
    <failure type="cucumber.runtime.CucumberException" message="java.lang.ClassCastException: com.sun.proxy.$Proxy19 cannot be cast to org.openqa.selenium.By">
      <![CDATA[cucumber.runtime.CucumberException: java.lang.ClassCastException: com.sun.proxy.$Proxy19 cannot be cast to org.openqa.selenium.By
at cucumber.api.testng.TestNGCucumberRunner.runCucumber(TestNGCucumberRunner.java:69)
at com.nowFloat.TestRunner.TestRunner.feature(TestRunner.java:61)
Caused by: java.lang.ClassCastException: com.sun.proxy.$Proxy19 cannot be cast to org.openqa.selenium.By
at com.nowFloat.Pages.HomePage.selectService(HomePage.java:54)
at com.nowFloat.StepDef.HomePageValidation.i_click_any_from_dropdown_list(HomePageValidation.java:38)
at ✽.And I click any "classic" from dropdown list(nowFloatPlaceOrder.feature:8)
... Removed 29 stack frames]]>
    </failure>
  </testcase> <!-- feature -->
</testsuite> <!-- Test -->
