<?xml version="1.0" encoding="UTF-8"?>
<testsuite xmlns:xsi="http://www.w3.org/2001/XMLSchema-instance" xsi:noNamespaceSchemaLocation="https://maven.apache.org/surefire/maven-surefire-plugin/xsd/surefire-test-report.xsd" name="TestSuite" time="128.704" tests="2" errors="0" skipped="0" failures="2">
  <properties>
[...]
</properties>
  <testcase name="feature" classname="com.nowFloat.TestRunner.TestRunner" time="53.959">
    <failure message="java.lang.ClassCastException: com.sun.proxy.$Proxy19 cannot be cast to org.openqa.selenium.By" type="cucumber.runtime.CucumberException">cucumber.runtime.CucumberException: java.lang.ClassCastException: com.sun.proxy.$Proxy19 cannot be cast to org.openqa.selenium.By
	at com.nowFloat.TestRunner.TestRunner.feature(TestRunner.java:61)
Caused by: java.lang.ClassCastException: com.sun.proxy.$Proxy19 cannot be cast to org.openqa.selenium.By
</failure>
    <system-out><![CDATA[@Testing
Feature: Now Float Service Selection Functionality

  Scenario Outline: Verify User is able to Select Service From Home Page successfully # nowFloatHomePage.feature:4
    Given I am on Now Float Home Page
    When I click Services link from home page
    Then I verify list of services are displayed
    And I click any "<Services>" from dropdown list
    And I verify selected service is displayed

    Examples: 
Services Links are displaying

  @Testing
  Scenario Outline: Verify User is able to Select Service From Home Page successfully # nowFloatHomePage.feature:13
    Given I am on Now Float Home Page                                                 # HomePageValidation.i_am_on_Now_Float_Home_Page()
    When I click Services link from home page                                         # HomePageValidation.i_click_Services_link_from_home_page()
    Then I verify list of services are displayed                                      # HomePageValidation.i_verify_list_of_services_are_displayed()
    And I click any "classic" from dropdown list                                      # HomePageValidation.i_click_any_from_dropdown_list(String)
      java.lang.ClassCastException: com.sun.proxy.$Proxy19 cannot be cast to org.openqa.selenium.By
      	at com.nowFloat.Pages.HomePage.selectService(HomePage.java:54)
      	at com.nowFloat.StepDef.HomePageValidation.i_click_any_from_dropdown_list(HomePageValidation.java:38)
      	at ?.And I click any "classic" from dropdown list(nowFloatHomePage.feature:8)

    And I verify selected service is displayed                                        # HomePageValidation.i_verify_selected_service_is_displayed()

  Scenario Outline: Verify user is able o select service from Service Overlay # nowFloatHomePage.feature:16
    Given I am on Now Float Home Page
    When I Mouse Over on Services link from home page
    Then I click any "<Services>" from overlay

    Examples: 

  @Testing
  Scenario Outline: Verify user is able o select service from Service Overlay # nowFloatHomePage.feature:24
    Given I am on Now Float Home Page                                         # HomePageValidation.i_am_on_Now_Float_Home_Page()
    When I Mouse Over on Services link from home page                         # HomePageValidation.i_Mouse_Over_on_Services_link_from_home_page()
    Then I click any "Classic" from overlay                                   # HomePageValidation.i_click_any_from_overlay(String)
      org.openqa.selenium.StaleElementReferenceException: stale element reference: element is not attached to the page document
        (Session info: chrome=74.0.3729.131)
        (Driver info: chromedriver=2.43.600210 (68dcf5eebde37173d4027fa8635e332711d2874a),platform=Windows NT 10.0.17134 x86_64) (WARNING: The server did not provide any stacktrace information)
      Command duration or timeout: 0 milliseconds
      For documentation on this error, please visit: http://seleniumhq.org/exceptions/stale_element_reference.html
      Build info: version: '3.14.0', revision: 'aacccce0', time: '2018-08-02T20:19:58.91Z'
      System info: host: 'DESKTOP-CEDR2O3', ip: '192.168.1.107', os.name: 'Windows 10', os.arch: 'amd64', os.version: '10.0', java.version: '1.8.0_74'
      Driver info: org.openqa.selenium.chrome.ChromeDriver
      Capabilities {acceptInsecureCerts: false, acceptSslCerts: false, applicationCacheEnabled: false, browserConnectionEnabled: false, browserName: chrome, chrome: {chromedriverVersion: 2.43.600210 (68dcf5eebde371..., userDataDir: C:\Users\VAMSIM~1\AppData\L...}, cssSelectorsEnabled: true, databaseEnabled: false, goog:chromeOptions: {debuggerAddress: localhost:53585}, handlesAlerts: true, hasTouchScreen: false, javascriptEnabled: true, locationContextEnabled: true, mobileEmulationEnabled: false, nativeEvents: true, networkConnectionEnabled: false, pageLoadStrategy: normal, platform: XP, platformName: XP, rotatable: false, setWindowRect: true, takesHeapSnapshot: true, takesScreenshot: true, unexpectedAlertBehaviour: , unhandledPromptBehavior: , version: 74.0.3729.131, webStorageEnabled: true}
      Session ID: 1bdcd44e14754534eebda6837ffefa33
      	at sun.reflect.NativeConstructorAccessorImpl.newInstance0(Native Method)
      	at sun.reflect.NativeConstructorAccessorImpl.newInstance(Unknown Source)
      	at sun.reflect.DelegatingConstructorAccessorImpl.newInstance(Unknown Source)
      	at java.lang.reflect.Constructor.newInstance(Unknown Source)
      	at org.openqa.selenium.remote.ErrorHandler.createThrowable(ErrorHandler.java:214)
      	at org.openqa.selenium.remote.ErrorHandler.throwIfResponseFailed(ErrorHandler.java:166)
      	at org.openqa.selenium.remote.http.JsonHttpResponseCodec.reconstructValue(JsonHttpResponseCodec.java:40)
      	at org.openqa.selenium.remote.http.AbstractHttpResponseCodec.decode(AbstractHttpResponseCodec.java:80)
      	at org.openqa.selenium.remote.http.AbstractHttpResponseCodec.decode(AbstractHttpResponseCodec.java:44)
      	at org.openqa.selenium.remote.HttpCommandExecutor.execute(HttpCommandExecutor.java:158)
      	at org.openqa.selenium.remote.service.DriverCommandExecutor.execute(DriverCommandExecutor.java:83)
      	at org.openqa.selenium.remote.RemoteWebDriver.execute(RemoteWebDriver.java:548)
      	at org.openqa.selenium.remote.RemoteWebElement.execute(RemoteWebElement.java:276)
      	at org.openqa.selenium.remote.RemoteWebElement.getText(RemoteWebElement.java:160)
      	at com.nowFloat.Pages.HomePage.selectServiceFromOverlay(HomePage.java:74)
      	at com.nowFloat.StepDef.HomePageValidation.i_click_any_from_overlay(HomePageValidation.java:58)
      	at ?.Then I click any "Classic" from overlay(nowFloatHomePage.feature:19)

]]></system-out>
    <system-err><![CDATA[Starting ChromeDriver 2.43.600210 (68dcf5eebde37173d4027fa8635e332711d2874a) on port 36387
Only local connections are allowed.
[1557387275.459][WARNING]: Timed out connecting to Chrome, retrying...
May 09, 2019 1:04:37 PM org.openqa.selenium.remote.ProtocolHandshake createSession
INFO: Detected dialect: OSS
Starting ChromeDriver 2.43.600210 (68dcf5eebde37173d4027fa8635e332711d2874a) on port 2800
Only local connections are allowed.
May 09, 2019 1:05:03 PM org.openqa.selenium.remote.ProtocolHandshake createSession
INFO: Detected dialect: OSS
]]></system-err>
  </testcase>
  <testcase name="feature" classname="com.nowFloat.TestRunner.TestRunner" time="64.684">
    <failure message="java.lang.ClassCastException: com.sun.proxy.$Proxy19 cannot be cast to org.openqa.selenium.By" type="cucumber.runtime.CucumberException">cucumber.runtime.CucumberException: java.lang.ClassCastException: com.sun.proxy.$Proxy19 cannot be cast to org.openqa.selenium.By
	at com.nowFloat.TestRunner.TestRunner.feature(TestRunner.java:61)
Caused by: java.lang.ClassCastException: com.sun.proxy.$Proxy19 cannot be cast to org.openqa.selenium.By
</failure>
    <system-out><![CDATA[@Testing
Feature: Now Float Order Placement Functionality

  Scenario Outline: Verify User is able to Place Order successfully # nowFloatPlaceOrder.feature:4
    Given I am on Now Float Home Page
    When I click Services link from home page
    Then I verify list of services are displayed
    And I click any "<Services>" from dropdown list
    And I verify selected service is displayed
    When I click Add to Bag button
    Then I verify product added to Bag
    When I click shopping bag link
    Then I verify user navigated to shopping bag page
    And I click checkout button
    Then I verify user navigated to checkout page
    And I enter shipping details
    And I click payment options
    And I Place order
    Then I verify Order ID

    Examples: 
Services Links are displaying

  @Testing
  Scenario Outline: Verify User is able to Place Order successfully # nowFloatPlaceOrder.feature:24
    Given I am on Now Float Home Page                               # HomePageValidation.i_am_on_Now_Float_Home_Page()
    When I click Services link from home page                       # HomePageValidation.i_click_Services_link_from_home_page()
    Then I verify list of services are displayed                    # HomePageValidation.i_verify_list_of_services_are_displayed()
    And I click any "classic" from dropdown list                    # HomePageValidation.i_click_any_from_dropdown_list(String)
      java.lang.ClassCastException: com.sun.proxy.$Proxy19 cannot be cast to org.openqa.selenium.By
      	at com.nowFloat.Pages.HomePage.selectService(HomePage.java:54)
      	at com.nowFloat.StepDef.HomePageValidation.i_click_any_from_dropdown_list(HomePageValidation.java:38)
      	at ?.And I click any "classic" from dropdown list(nowFloatPlaceOrder.feature:8)

    And I verify selected service is displayed                      # HomePageValidation.i_verify_selected_service_is_displayed()
    When I click Add to Bag button                                  # OrderValidation.i_click_Add_to_Bag_button()
    Then I verify product added to Bag                              # OrderValidation.i_verify_product_added_to_Bag()
    When I click shopping bag link                                  # OrderValidation.i_click_shopping_bag_link()
    Then I verify user navigated to shopping bag page               # OrderValidation.i_verify_user_navigated_to_shopping_bag_page()
    And I click checkout button                                     # OrderValidation.i_click_checkout_button()
    Then I verify user navigated to checkout page                   # OrderValidation.i_verify_user_navigated_to_checkout_page()
    And I enter shipping details                                    # OrderValidation.i_enter_shipping_details()
    And I click payment options                                     # OrderValidation.i_click_payment_options()
    And I Place order                                               # OrderValidation.i_Place_order()
    Then I verify Order ID                                          # OrderValidation.i_verify_Order_ID()
]]></system-out>
    <system-err><![CDATA[Starting ChromeDriver 2.43.600210 (68dcf5eebde37173d4027fa8635e332711d2874a) on port 20133
Only local connections are allowed.
May 09, 2019 1:05:41 PM org.openqa.selenium.remote.ProtocolHandshake createSession
INFO: Detected dialect: OSS
]]></system-err>
  </testcase>
</testsuite>